{"level":"info","msg":"Timer started with interval: 10s","time":"2024-11-30T16:18:12Z"}
{"level":"info","msg":"Timer started with interval: 15s","time":"2024-11-30T16:18:12Z"}
{"level":"info","msg":"Executing task at interval: 10s","time":"2024-11-30T16:18:22Z"}
{"level":"info","msg":"Random Joke: Why did the database break up with the application? It couldn’t find a relationship.","time":"2024-11-30T16:18:22Z"}
{"level":"info","msg":"Executing task at interval: 15s","time":"2024-11-30T16:18:27Z"}
{"level":"info","msg":"API Joke: Knock knock.\nWho's there?\nRecursion.\nRecursion who?\nKnock knock.","time":"2024-11-30T16:18:27Z"}
{"level":"info","msg":"Executing task at interval: 10s","time":"2024-11-30T16:18:32Z"}
{"level":"info","msg":"Random Joke: Why did the coder bring a ladder to the bar? Because he wanted to climb the stack.","time":"2024-11-30T16:18:32Z"}
{"level":"info","msg":"Executing task at interval: 15s","time":"2024-11-30T16:18:42Z"}
{"level":"info","msg":"Executing task at interval: 10s","time":"2024-11-30T16:18:42Z"}
{"level":"info","msg":"Random Joke: What’s a developer’s favorite programming language? Whatever works.","time":"2024-11-30T16:18:42Z"}
{"level":"info","msg":"API Joke: I've got a really good UDP joke to tell you but I don’t know if you'll get it.","time":"2024-11-30T16:18:42Z"}
{"level":"info","msg":"Executing task at interval: 10s","time":"2024-11-30T16:18:52Z"}
{"level":"info","msg":"Random Joke: Why do JavaScript programmers prefer to live in isolation? Because they don’t know how to handle async.","time":"2024-11-30T16:18:52Z"}
{"level":"info","msg":"Executing task at interval: 15s","time":"2024-11-30T16:18:57Z"}
{"level":"info","msg":"API Joke: The six stages of debugging:\n1. That can't happen.\n2. That doesn't happen on my machine.\n3. That shouldn't happen.\n4. Why does that happen?\n5. Oh, I see.\n6. How did that ever work?","time":"2024-11-30T16:18:57Z"}
{"level":"info","msg":"Executing task at interval: 10s","time":"2024-11-30T16:19:02Z"}
{"level":"info","msg":"Random Joke: Why do JavaScript developers make terrible friends? Because they keep blocking everything.","time":"2024-11-30T16:19:02Z"}
{"level":"info","msg":"Executing task at interval: 15s","time":"2024-11-30T16:19:12Z"}
{"level":"info","msg":"Executing task at interval: 10s","time":"2024-11-30T16:19:12Z"}
{"level":"info","msg":"Random Joke: What did the frontend developer say when he was asked to take a break? ‘I’m already in the middle of a div.’","time":"2024-11-30T16:19:12Z"}
{"level":"info","msg":"API Joke: Java is like Alzheimer's, it starts off slow, but eventually, your memory is gone.","time":"2024-11-30T16:19:12Z"}
{"level":"info","msg":"Executing task at interval: 10s","time":"2024-11-30T16:19:22Z"}
{"level":"info","msg":"Random Joke: Why do Java developers wear glasses? Because they don’t see sharp.","time":"2024-11-30T16:19:22Z"}
{"level":"info","msg":"Executing task at interval: 15s","time":"2024-11-30T16:19:27Z"}
{"level":"info","msg":"API Joke: Hey Girl,\nRoses are #ff0000,\nViolets are #0000ff,\nI use hex codes,\nBut I'd use RGB for you.","time":"2024-11-30T16:19:27Z"}
{"level":"info","msg":"Executing task at interval: 10s","time":"2024-11-30T16:19:32Z"}
{"level":"info","msg":"Random Joke: I’m not a great programmer, I’m just a good programmer with great habits.","time":"2024-11-30T16:19:32Z"}
{"level":"info","msg":"Executing task at interval: 10s","time":"2024-11-30T16:19:42Z"}
{"level":"info","msg":"Random Joke: Why do SQL developers always carry a map? Because they hate getting lost in their joins.","time":"2024-11-30T16:19:42Z"}
{"level":"info","msg":"Executing task at interval: 15s","time":"2024-11-30T16:19:42Z"}
{"level":"info","msg":"API Joke: Your momma is so fat, you need to switch to NTFS to store a picture of her.","time":"2024-11-30T16:19:42Z"}
{"level":"info","msg":"Executing task at interval: 10s","time":"2024-11-30T16:19:52Z"}
{"level":"info","msg":"Random Joke: Why did the developer refuse to leave the meeting? Because they couldn’t resolve the merge conflict.","time":"2024-11-30T16:19:52Z"}
{"level":"info","msg":"Executing task at interval: 15s","time":"2024-11-30T16:19:57Z"}
{"level":"info","msg":"API Joke: \"Knock, knock.\"\n\"Who's there?\"\n\n[very long pause]\n\n\"Java.\"","time":"2024-11-30T16:19:57Z"}
{"level":"info","msg":"Executing task at interval: 10s","time":"2024-11-30T16:20:02Z"}
{"level":"info","msg":"Random Joke: Why do JavaScript developers make terrible friends? Because they keep blocking everything.","time":"2024-11-30T16:20:02Z"}
{"level":"info","msg":"Executing task at interval: 15s","time":"2024-11-30T16:20:12Z"}
{"level":"info","msg":"Executing task at interval: 10s","time":"2024-11-30T16:20:12Z"}
{"level":"info","msg":"Random Joke: How do you fix a broken function? With a patch.","time":"2024-11-30T16:20:12Z"}
{"level":"info","msg":"API Joke: Two C strings walk into a bar.\nThe bartender asks \"What can I get ya?\"\nThe first string says \"I'll have a gin and tonic.\"\nThe second string thinks for a minute, then says \"I'll take a tequila sunriseJF()#$JF(#)$(@J#()$@#())!*FNIN!OBN134ufh1ui34hf9813f8h8384h981h3984h5F!##@\"\nThe first string apologizes, \"You'll have to excuse my friend, he's not null-terminated.\"","time":"2024-11-30T16:20:12Z"}
{"level":"info","msg":"Executing task at interval: 10s","time":"2024-11-30T16:20:22Z"}
{"level":"info","msg":"Random Joke: Why do Java developers wear glasses? Because they don’t C#.","time":"2024-11-30T16:20:22Z"}
{"level":"info","msg":"Executing task at interval: 15s","time":"2024-11-30T16:20:27Z"}
{"level":"info","msg":"API Joke: Four engineers get into a car. The car won't start.\nThe Mechanical engineer says \"It's a broken starter\".\nThe Electrical engineer says \"Dead battery\".\nThe Chemical engineer says \"Impurities in the gasoline\".\nThe IT engineer says \"Hey guys, I have an idea: How about we all get out of the car and get back in\".","time":"2024-11-30T16:20:27Z"}
{"level":"info","msg":"Executing task at interval: 10s","time":"2024-11-30T16:20:32Z"}
{"level":"info","msg":"Random Joke: Why are SQL queries like the DMV? Because they always take forever.","time":"2024-11-30T16:20:32Z"}
{"level":"info","msg":"Executing task at interval: 15s","time":"2024-11-30T16:20:42Z"}
{"level":"info","msg":"Executing task at interval: 10s","time":"2024-11-30T16:20:42Z"}
{"level":"info","msg":"Random Joke: Why did the developer write a ‘Hello World’ program? To start their debugging journey.","time":"2024-11-30T16:20:42Z"}
{"level":"info","msg":"API Joke: A byte walks into a bar looking miserable.\nThe bartender asks it: \"What's wrong buddy?\"\n\"Parity error.\" it replies. \n\"Ah that makes sense, I thought you looked a bit off.\"","time":"2024-11-30T16:20:42Z"}
{"level":"info","msg":"Executing task at interval: 10s","time":"2024-11-30T16:20:52Z"}
{"level":"info","msg":"Random Joke: Why was the programmer so good at tennis? Because they knew how to serve.","time":"2024-11-30T16:20:52Z"}
{"level":"info","msg":"Executing task at interval: 15s","time":"2024-11-30T16:20:57Z"}
{"level":"info","msg":"API Joke: Java and C were telling jokes. It was C's turn, so he writes something on the wall, points to it and says \"Do you get the reference?\" But Java didn't.","time":"2024-11-30T16:20:57Z"}
{"level":"info","msg":"Executing task at interval: 10s","time":"2024-11-30T16:21:02Z"}
{"level":"info","msg":"Random Joke: How many programmers does it take to change a light bulb? None. It’s a hardware problem.","time":"2024-11-30T16:21:02Z"}
{"level":"info","msg":"Executing task at interval: 15s","time":"2024-11-30T16:21:12Z"}
{"level":"info","msg":"Executing task at interval: 10s","time":"2024-11-30T16:21:12Z"}
{"level":"info","msg":"Random Joke: I can’t believe I’m programming in C… I’ve fallen into a void.","time":"2024-11-30T16:21:12Z"}
{"level":"info","msg":"API Joke: \"Honey, go to the store and buy some eggs.\"\n\"OK.\"\n\"Oh and while you're there, get some milk.\"\nHe never returned.","time":"2024-11-30T16:21:12Z"}
{"level":"info","msg":"Executing task at interval: 10s","time":"2024-11-30T16:21:22Z"}
{"level":"info","msg":"Random Joke: Why do Python programmers prefer snake_case? Because it’s easier to handle exceptions.","time":"2024-11-30T16:21:22Z"}
{"level":"info","msg":"Executing task at interval: 15s","time":"2024-11-30T16:21:27Z"}
{"level":"info","msg":"API Joke: \"We messed up the keming again guys.\"","time":"2024-11-30T16:21:27Z"}
{"level":"info","msg":"Executing task at interval: 10s","time":"2024-11-30T16:21:32Z"}
{"level":"info","msg":"Random Joke: Why don’t programmers like nature? It has too many bugs.","time":"2024-11-30T16:21:32Z"}
{"level":"info","msg":"Shutting down gracefully...","time":"2024-11-30T16:21:33Z"}
{"level":"info","msg":"Executing task at interval: 10s","time":"2024-11-30T16:21:42Z"}
{"level":"info","msg":"Random Joke: What’s a programmer’s favorite place to live? In an infinite loop.","time":"2024-11-30T16:21:42Z"}
{"level":"info","msg":"Executing task at interval: 15s","time":"2024-11-30T16:21:42Z"}
{"level":"info","msg":"API Joke: Your momma is so fat, you need to switch to NTFS to store a picture of her.","time":"2024-11-30T16:21:42Z"}
